# JRE version: Java(TM) SE Runtime Environment (8.0_181-b13) (build 1.8.0_181-b13)
# Java VM: Java HotSpot(TM) 64-Bit Server VM (25.181-b13 mixed mode linux-amd64 compressed oops)
Heap:
 PSYoungGen      total 150016K, used 80807K [0x0000000719100000, 0x000000072b600000, 0x00000007c0000000)
  eden space 129024K, 55% used [0x0000000719100000,0x000000071d6bca20,0x0000000720f00000)
  from space 20992K, 44% used [0x0000000720f00000,0x000000072182d3f8,0x0000000722380000)
  to   space 20992K, 19% used [0x000000072a180000,0x000000072a574488,0x000000072b600000)
 ParOldGen       total 343040K, used 24K [0x00000005cb200000, 0x00000005e0100000, 0x0000000719100000)
  object space 343040K, 0% used [0x00000005cb200000,0x00000005cb206018,0x00000005e0100000)
 Metaspace       used 20661K, capacity 21192K, committed 21296K, reserved 1067008K
  class space    used 2731K, capacity 2902K, committed 2944K, reserved 1048576K
GC Heap History (3 events):
Event: 0,607 GC heap before
{Heap before GC invocations=1 (full 0):
 PSYoungGen      total 150016K, used 129024K [0x0000000719100000, 0x0000000723800000, 0x00000007c0000000)
  eden space 129024K, 100% used [0x0000000719100000,0x0000000720f00000,0x0000000720f00000)
  from space 20992K, 0% used [0x0000000722380000,0x0000000722380000,0x0000000723800000)
  to   space 20992K, 0% used [0x0000000720f00000,0x0000000720f00000,0x0000000722380000)
 ParOldGen       total 343040K, used 0K [0x00000005cb200000, 0x00000005e0100000, 0x0000000719100000)
  object space 343040K, 0% used [0x00000005cb200000,0x00000005cb200018,0x00000005e0100000)
 Metaspace       used 14340K, capacity 14822K, committed 15104K, reserved 1062912K
  class space    used 1910K, capacity 2043K, committed 2048K, reserved 1048576K
Event: 0,613 GC heap after
Heap after GC invocations=1 (full 0):
 PSYoungGen      total 150016K, used 9396K [0x0000000719100000, 0x000000072b600000, 0x00000007c0000000)
  eden space 129024K, 0% used [0x0000000719100000,0x0000000719100000,0x0000000720f00000)
  from space 20992K, 44% used [0x0000000720f00000,0x000000072182d3f8,0x0000000722380000)
  to   space 20992K, 0% used [0x000000072a180000,0x000000072a180000,0x000000072b600000)
 ParOldGen       total 343040K, used 16K [0x00000005cb200000, 0x00000005e0100000, 0x0000000719100000)
  object space 343040K, 0% used [0x00000005cb200000,0x00000005cb204018,0x00000005e0100000)
 Metaspace       used 14340K, capacity 14822K, committed 15104K, reserved 1062912K
  class space    used 1910K, capacity 2043K, committed 2048K, reserved 1048576K
}
Event: 0,792 GC heap before
{Heap before GC invocations=2 (full 0):
 PSYoungGen      total 150016K, used 80807K [0x0000000719100000, 0x000000072b600000, 0x00000007c0000000)
  eden space 129024K, 55% used [0x0000000719100000,0x000000071d6bca20,0x0000000720f00000)
  from space 20992K, 44% used [0x0000000720f00000,0x000000072182d3f8,0x0000000722380000)
  to   space 20992K, 0% used [0x000000072a180000,0x000000072a180000,0x000000072b600000)
 ParOldGen       total 343040K, used 16K [0x00000005cb200000, 0x00000005e0100000, 0x0000000719100000)
  object space 343040K, 0% used [0x00000005cb200000,0x00000005cb204018,0x00000005e0100000)
 Metaspace       used 20661K, capacity 21192K, committed 21296K, reserved 1067008K
  class space    used 2731K, capacity 2902K, committed 2944K, reserved 1048576K

