# JRE version: Java(TM) SE Runtime Environment (8.0_181-b13) (build 1.8.0_181-b13)
# Java VM: Java HotSpot(TM) 64-Bit Server VM (25.181-b13 mixed mode linux-amd64 compressed oops)
Heap:
 PSYoungGen      total 279040K, used 36158K [0x0000000719100000, 0x000000072b600000, 0x00000007c0000000)
  eden space 258048K, 14% used [0x0000000719100000,0x000000071b44fae0,0x0000000728d00000)
  from space 20992K, 0% used [0x000000072a180000,0x000000072a180000,0x000000072b600000)
  to   space 20992K, 0% used [0x0000000728d00000,0x0000000728d00000,0x000000072a180000)
 ParOldGen       total 206848K, used 9878K [0x00000005cb200000, 0x00000005d7c00000, 0x0000000719100000)
  object space 206848K, 4% used [0x00000005cb200000,0x00000005cbba58b8,0x00000005d7c00000)
 Metaspace       used 21821K, capacity 22478K, committed 22528K, reserved 1069056K
  class space    used 2888K, capacity 3069K, committed 3072K, reserved 1048576K
GC Heap History (6 events):
Event: 0,607 GC heap before
{Heap before GC invocations=1 (full 0):
 PSYoungGen      total 150016K, used 129024K [0x0000000719100000, 0x0000000723800000, 0x00000007c0000000)
  eden space 129024K, 100% used [0x0000000719100000,0x0000000720f00000,0x0000000720f00000)
  from space 20992K, 0% used [0x0000000722380000,0x0000000722380000,0x0000000723800000)
  to   space 20992K, 0% used [0x0000000720f00000,0x0000000720f00000,0x0000000722380000)
 ParOldGen       total 343040K, used 0K [0x00000005cb200000, 0x00000005e0100000, 0x0000000719100000)
  object space 343040K, 0% used [0x00000005cb200000,0x00000005cb200000,0x00000005e0100000)
 Metaspace       used 14349K, capacity 14758K, committed 14848K, reserved 1062912K
  class space    used 1918K, capacity 2043K, committed 2048K, reserved 1048576K
Event: 0,614 GC heap after
Heap after GC invocations=1 (full 0):
 PSYoungGen      total 150016K, used 9177K [0x0000000719100000, 0x000000072b600000, 0x00000007c0000000)
  eden space 129024K, 0% used [0x0000000719100000,0x0000000719100000,0x0000000720f00000)
  from space 20992K, 43% used [0x0000000720f00000,0x00000007217f64e8,0x0000000722380000)
  to   space 20992K, 0% used [0x000000072a180000,0x000000072a180000,0x000000072b600000)
 ParOldGen       total 343040K, used 16K [0x00000005cb200000, 0x00000005e0100000, 0x0000000719100000)
  object space 343040K, 0% used [0x00000005cb200000,0x00000005cb204000,0x00000005e0100000)
 Metaspace       used 14349K, capacity 14758K, committed 14848K, reserved 1062912K
  class space    used 1918K, capacity 2043K, committed 2048K, reserved 1048576K
}
Event: 0,798 GC heap before
{Heap before GC invocations=2 (full 0):
 PSYoungGen      total 150016K, used 78518K [0x0000000719100000, 0x000000072b600000, 0x00000007c0000000)
  eden space 129024K, 53% used [0x0000000719100000,0x000000071d4b74c0,0x0000000720f00000)
  from space 20992K, 43% used [0x0000000720f00000,0x00000007217f64e8,0x0000000722380000)
  to   space 20992K, 0% used [0x000000072a180000,0x000000072a180000,0x000000072b600000)
 ParOldGen       total 343040K, used 16K [0x00000005cb200000, 0x00000005e0100000, 0x0000000719100000)
  object space 343040K, 0% used [0x00000005cb200000,0x00000005cb204000,0x00000005e0100000)
 Metaspace       used 20638K, capacity 21192K, committed 21296K, reserved 1067008K
  class space    used 2722K, capacity 2902K, committed 2944K, reserved 1048576K
Event: 0,805 GC heap after
Heap after GC invocations=2 (full 0):
 PSYoungGen      total 279040K, used 10310K [0x0000000719100000, 0x000000072b600000, 0x00000007c0000000)
  eden space 258048K, 0% used [0x0000000719100000,0x0000000719100000,0x0000000728d00000)
  from space 20992K, 49% used [0x000000072a180000,0x000000072ab91ac8,0x000000072b600000)
  to   space 20992K, 0% used [0x0000000728d00000,0x0000000728d00000,0x000000072a180000)
 ParOldGen       total 343040K, used 24K [0x00000005cb200000, 0x00000005e0100000, 0x0000000719100000)
  object space 343040K, 0% used [0x00000005cb200000,0x00000005cb206000,0x00000005e0100000)
 Metaspace       used 20638K, capacity 21192K, committed 21296K, reserved 1067008K
  class space    used 2722K, capacity 2902K, committed 2944K, reserved 1048576K
}
Event: 0,805 GC heap before
{Heap before GC invocations=3 (full 1):
 PSYoungGen      total 279040K, used 10310K [0x0000000719100000, 0x000000072b600000, 0x00000007c0000000)
  eden space 258048K, 0% used [0x0000000719100000,0x0000000719100000,0x0000000728d00000)
  from space 20992K, 49% used [0x000000072a180000,0x000000072ab91ac8,0x000000072b600000)
  to   space 20992K, 0% used [0x0000000728d00000,0x0000000728d00000,0x000000072a180000)
 ParOldGen       total 343040K, used 24K [0x00000005cb200000, 0x00000005e0100000, 0x0000000719100000)
  object space 343040K, 0% used [0x00000005cb200000,0x00000005cb206000,0x00000005e0100000)
 Metaspace       used 20638K, capacity 21192K, committed 21296K, reserved 1067008K
  class space    used 2722K, capacity 2902K, committed 2944K, reserved 1048576K
Event: 0,829 GC heap after
Heap after GC invocations=3 (full 1):
 PSYoungGen      total 279040K, used 0K [0x0000000719100000, 0x000000072b600000, 0x00000007c0000000)
  eden space 258048K, 0% used [0x0000000719100000,0x0000000719100000,0x0000000728d00000)
  from space 20992K, 0% used [0x000000072a180000,0x000000072a180000,0x000000072b600000)
  to   space 20992K, 0% used [0x0000000728d00000,0x0000000728d00000,0x000000072a180000)
 ParOldGen       total 206848K, used 9878K [0x00000005cb200000, 0x00000005d7c00000, 0x0000000719100000)
  object space 206848K, 4% used [0x00000005cb200000,0x00000005cbba58b8,0x00000005d7c00000)
 Metaspace       used 20637K, capacity 21186K, committed 21296K, reserved 1067008K
  class space    used 2721K, capacity 2901K, committed 2944K, reserved 1048576K
}

